<?xml version="1.0" encoding="UTF-8"?>
<testng-results ignored="0" total="6" passed="6" failed="0" skipped="0">
  <reporter-output>
  </reporter-output>
  <suite started-at="2025-04-28T19:32:14 IST" name="LabCorp Automation Suite" finished-at="2025-04-28T19:33:14 IST" duration-ms="60371">
    <groups>
      <group name="cucumber">
        <method signature="AbstractTestNGCucumberTests.runScenario(io.cucumber.testng.PickleWrapper,io.cucumber.testng.FeatureWrapper)[pri:0, instance:runner.TestNgRunner@15ab0461]" name="runScenario" class="io.cucumber.testng.AbstractTestNGCucumberTests"/>
        <method signature="AbstractTestNGCucumberTests.runScenario(io.cucumber.testng.PickleWrapper,io.cucumber.testng.FeatureWrapper)[pri:0, instance:runner.TestNgRunner@344f4a82]" name="runScenario" class="io.cucumber.testng.AbstractTestNGCucumberTests"/>
      </group> <!-- cucumber -->
    </groups>
    <test started-at="2025-04-28T19:32:14 IST" name="UI Tests" finished-at="2025-04-28T19:32:45 IST" duration-ms="31016">
      <class name="runner.TestNgRunner">
        <test-method is-config="true" signature="setUpClass(org.testng.ITestContext)[pri:0, instance:runner.TestNgRunner@15ab0461]" started-at="2025-04-28T19:32:14 IST" name="setUpClass" finished-at="2025-04-28T19:32:14 IST" duration-ms="530" status="PASS">
          <params>
            <param index="0">
              <value>
                <![CDATA[org.testng.TestRunner@7f6137fb]]>
              </value>
            </param>
          </params>
          <reporter-output>
          </reporter-output>
        </test-method> <!-- setUpClass -->
        <test-method signature="runScenario(io.cucumber.testng.PickleWrapper,io.cucumber.testng.FeatureWrapper)[pri:0, instance:runner.TestNgRunner@15ab0461]" started-at="2025-04-28T19:32:14 IST" name="runScenario" description="Runs Cucumber Scenarios" data-provider="scenarios" finished-at="2025-04-28T19:32:18 IST" duration-ms="3329" status="PASS">
          <params>
            <param index="0">
              <value>
                <![CDATA["Validate Get request response"]]>
              </value>
            </param>
            <param index="1">
              <value>
                <![CDATA["API Request Validation"]]>
              </value>
            </param>
          </params>
          <reporter-output>
          </reporter-output>
        </test-method> <!-- runScenario -->
        <test-method signature="runScenario(io.cucumber.testng.PickleWrapper,io.cucumber.testng.FeatureWrapper)[pri:0, instance:runner.TestNgRunner@15ab0461]" started-at="2025-04-28T19:32:18 IST" name="runScenario" description="Runs Cucumber Scenarios" data-provider="scenarios" finished-at="2025-04-28T19:32:19 IST" duration-ms="951" status="PASS">
          <params>
            <param index="0">
              <value>
                <![CDATA["Validate POST request with Order payload"]]>
              </value>
            </param>
            <param index="1">
              <value>
                <![CDATA["Order API Validation"]]>
              </value>
            </param>
          </params>
          <reporter-output>
          </reporter-output>
        </test-method> <!-- runScenario -->
        <test-method signature="runScenario(io.cucumber.testng.PickleWrapper,io.cucumber.testng.FeatureWrapper)[pri:0, instance:runner.TestNgRunner@15ab0461]" started-at="2025-04-28T19:32:19 IST" name="runScenario" description="Runs Cucumber Scenarios" data-provider="scenarios" finished-at="2025-04-28T19:32:45 IST" duration-ms="25655" status="PASS">
          <params>
            <param index="0">
              <value>
                <![CDATA["Verify job details for QA Automation position"]]>
              </value>
            </param>
            <param index="1">
              <value>
                <![CDATA["LabCorp Careers Job Validation"]]>
              </value>
            </param>
          </params>
          <reporter-output>
          </reporter-output>
        </test-method> <!-- runScenario -->
        <test-method is-config="true" signature="tearDownClass()[pri:0, instance:runner.TestNgRunner@15ab0461]" started-at="2025-04-28T19:32:45 IST" name="tearDownClass" finished-at="2025-04-28T19:32:45 IST" duration-ms="55" status="PASS">
          <reporter-output>
          </reporter-output>
        </test-method> <!-- tearDownClass -->
      </class> <!-- runner.TestNgRunner -->
    </test> <!-- UI Tests -->
    <test started-at="2025-04-28T19:32:14 IST" name="API Tests" finished-at="2025-04-28T19:33:14 IST" duration-ms="60371">
      <class name="runner.TestNgRunner">
        <test-method is-config="true" signature="setUpClass(org.testng.ITestContext)[pri:0, instance:runner.TestNgRunner@344f4a82]" started-at="2025-04-28T19:32:14 IST" name="setUpClass" finished-at="2025-04-28T19:32:14 IST" duration-ms="529" status="PASS">
          <params>
            <param index="0">
              <value>
                <![CDATA[org.testng.TestRunner@57657b96]]>
              </value>
            </param>
          </params>
          <reporter-output>
          </reporter-output>
        </test-method> <!-- setUpClass -->
        <test-method signature="runScenario(io.cucumber.testng.PickleWrapper,io.cucumber.testng.FeatureWrapper)[pri:0, instance:runner.TestNgRunner@344f4a82]" started-at="2025-04-28T19:32:14 IST" name="runScenario" description="Runs Cucumber Scenarios" data-provider="scenarios" finished-at="2025-04-28T19:32:18 IST" duration-ms="3329" status="PASS">
          <params>
            <param index="0">
              <value>
                <![CDATA["Validate Get request response"]]>
              </value>
            </param>
            <param index="1">
              <value>
                <![CDATA["API Request Validation"]]>
              </value>
            </param>
          </params>
          <reporter-output>
          </reporter-output>
        </test-method> <!-- runScenario -->
        <test-method signature="runScenario(io.cucumber.testng.PickleWrapper,io.cucumber.testng.FeatureWrapper)[pri:0, instance:runner.TestNgRunner@344f4a82]" started-at="2025-04-28T19:32:18 IST" name="runScenario" description="Runs Cucumber Scenarios" data-provider="scenarios" finished-at="2025-04-28T19:32:19 IST" duration-ms="1080" status="PASS">
          <params>
            <param index="0">
              <value>
                <![CDATA["Validate POST request with Order payload"]]>
              </value>
            </param>
            <param index="1">
              <value>
                <![CDATA["Order API Validation"]]>
              </value>
            </param>
          </params>
          <reporter-output>
          </reporter-output>
        </test-method> <!-- runScenario -->
        <test-method signature="runScenario(io.cucumber.testng.PickleWrapper,io.cucumber.testng.FeatureWrapper)[pri:0, instance:runner.TestNgRunner@344f4a82]" started-at="2025-04-28T19:32:19 IST" name="runScenario" description="Runs Cucumber Scenarios" data-provider="scenarios" finished-at="2025-04-28T19:33:14 IST" duration-ms="55058" status="PASS">
          <params>
            <param index="0">
              <value>
                <![CDATA["Verify job details for QA Automation position"]]>
              </value>
            </param>
            <param index="1">
              <value>
                <![CDATA["LabCorp Careers Job Validation"]]>
              </value>
            </param>
          </params>
          <reporter-output>
          </reporter-output>
        </test-method> <!-- runScenario -->
        <test-method is-config="true" signature="tearDownClass()[pri:0, instance:runner.TestNgRunner@344f4a82]" started-at="2025-04-28T19:33:14 IST" name="tearDownClass" finished-at="2025-04-28T19:33:14 IST" duration-ms="18" status="PASS">
          <reporter-output>
          </reporter-output>
        </test-method> <!-- tearDownClass -->
      </class> <!-- runner.TestNgRunner -->
    </test> <!-- API Tests -->
  </suite> <!-- LabCorp Automation Suite -->
</testng-results>
