<?xml version="1.0" encoding="UTF-8"?>
<testng-results ignored="0" total="3" passed="3" failed="0" skipped="0">
  <reporter-output>
  </reporter-output>
  <suite started-at="2025-04-29T15:01:20 IST" name="LabCorp Automation Suite" finished-at="2025-04-29T15:01:55 IST" duration-ms="34953">
    <groups>
      <group name="cucumber">
        <method signature="AbstractTestNGCucumberTests.runScenario(io.cucumber.testng.PickleWrapper,io.cucumber.testng.FeatureWrapper)[pri:0, instance:runner.TestNgRunner@78d49939]" name="runScenario" class="io.cucumber.testng.AbstractTestNGCucumberTests"/>
      </group> <!-- cucumber -->
    </groups>
    <test started-at="2025-04-29T15:01:20 IST" name="Tests" finished-at="2025-04-29T15:01:55 IST" duration-ms="34953">
      <class name="runner.TestNgRunner">
        <test-method is-config="true" signature="setUpClass(org.testng.ITestContext)[pri:0, instance:runner.TestNgRunner@78d49939]" started-at="2025-04-29T15:01:20 IST" name="setUpClass" finished-at="2025-04-29T15:01:21 IST" duration-ms="620" status="PASS">
          <params>
            <param index="0">
              <value>
                <![CDATA[org.testng.TestRunner@5955568]]>
              </value>
            </param>
          </params>
          <reporter-output>
          </reporter-output>
        </test-method> <!-- setUpClass -->
        <test-method signature="runScenario(io.cucumber.testng.PickleWrapper,io.cucumber.testng.FeatureWrapper)[pri:0, instance:runner.TestNgRunner@78d49939]" started-at="2025-04-29T15:01:21 IST" name="runScenario" description="Runs Cucumber Scenarios" data-provider="scenarios" finished-at="2025-04-29T15:01:24 IST" duration-ms="3455" status="PASS">
          <params>
            <param index="0">
              <value>
                <![CDATA["Validate Get request response"]]>
              </value>
            </param>
            <param index="1">
              <value>
                <![CDATA["API Request Validation"]]>
              </value>
            </param>
          </params>
          <reporter-output>
          </reporter-output>
        </test-method> <!-- runScenario -->
        <test-method signature="runScenario(io.cucumber.testng.PickleWrapper,io.cucumber.testng.FeatureWrapper)[pri:0, instance:runner.TestNgRunner@78d49939]" started-at="2025-04-29T15:01:25 IST" name="runScenario" description="Runs Cucumber Scenarios" data-provider="scenarios" finished-at="2025-04-29T15:01:26 IST" duration-ms="965" status="PASS">
          <params>
            <param index="0">
              <value>
                <![CDATA["Validate POST request with Order payload"]]>
              </value>
            </param>
            <param index="1">
              <value>
                <![CDATA["Order API Validation"]]>
              </value>
            </param>
          </params>
          <reporter-output>
          </reporter-output>
        </test-method> <!-- runScenario -->
        <test-method signature="runScenario(io.cucumber.testng.PickleWrapper,io.cucumber.testng.FeatureWrapper)[pri:0, instance:runner.TestNgRunner@78d49939]" started-at="2025-04-29T15:01:26 IST" name="runScenario" description="Runs Cucumber Scenarios" data-provider="scenarios" finished-at="2025-04-29T15:01:55 IST" duration-ms="29210" status="PASS">
          <params>
            <param index="0">
              <value>
                <![CDATA["Verify job details for QA Automation position"]]>
              </value>
            </param>
            <param index="1">
              <value>
                <![CDATA["LabCorp Careers Job Validation"]]>
              </value>
            </param>
          </params>
          <reporter-output>
          </reporter-output>
        </test-method> <!-- runScenario -->
        <test-method is-config="true" signature="tearDownClass()[pri:0, instance:runner.TestNgRunner@78d49939]" started-at="2025-04-29T15:01:55 IST" name="tearDownClass" finished-at="2025-04-29T15:01:55 IST" duration-ms="40" status="PASS">
          <reporter-output>
          </reporter-output>
        </test-method> <!-- tearDownClass -->
      </class> <!-- runner.TestNgRunner -->
    </test> <!-- Tests -->
  </suite> <!-- LabCorp Automation Suite -->
</testng-results>
